<?xml version="1.0" encoding="UTF-8"?>
<testsuite xmlns:xsi="http://www.w3.org/2001/XMLSchema-instance" xsi:noNamespaceSchemaLocation="https://maven.apache.org/surefire/maven-surefire-plugin/xsd/surefire-test-report.xsd" name="com.design.year.YearApplicationTests" time="5.853" tests="2" errors="1" skipped="0" failures="0">
  <properties>
    <property name="sun.desktop" value="windows"/>
    <property name="awt.toolkit" value="sun.awt.windows.WToolkit"/>
    <property name="java.specification.version" value="11"/>
    <property name="sun.cpu.isalist" value="amd64"/>
    <property name="sun.jnu.encoding" value="GBK"/>
    <property name="java.class.path" value="D:\sxy\IJProject\year\target\test-classes;D:\sxy\IJProject\year\target\classes;D:\maven\repository\org\springframework\boot\spring-boot-starter\2.7.1\spring-boot-starter-2.7.1.jar;D:\maven\repository\org\springframework\boot\spring-boot\2.7.1\spring-boot-2.7.1.jar;D:\maven\repository\org\springframework\spring-context\5.3.21\spring-context-5.3.21.jar;D:\maven\repository\org\springframework\boot\spring-boot-autoconfigure\2.7.1\spring-boot-autoconfigure-2.7.1.jar;D:\maven\repository\org\springframework\boot\spring-boot-starter-logging\2.7.1\spring-boot-starter-logging-2.7.1.jar;D:\maven\repository\ch\qos\logback\logback-classic\1.2.11\logback-classic-1.2.11.jar;D:\maven\repository\ch\qos\logback\logback-core\1.2.11\logback-core-1.2.11.jar;D:\maven\repository\org\apache\logging\log4j\log4j-to-slf4j\2.17.2\log4j-to-slf4j-2.17.2.jar;D:\maven\repository\org\apache\logging\log4j\log4j-api\2.17.2\log4j-api-2.17.2.jar;D:\maven\repository\org\slf4j\jul-to-slf4j\1.7.36\jul-to-slf4j-1.7.36.jar;D:\maven\repository\jakarta\annotation\jakarta.annotation-api\1.3.5\jakarta.annotation-api-1.3.5.jar;D:\maven\repository\org\springframework\spring-core\5.3.21\spring-core-5.3.21.jar;D:\maven\repository\org\springframework\spring-jcl\5.3.21\spring-jcl-5.3.21.jar;D:\maven\repository\org\yaml\snakeyaml\1.30\snakeyaml-1.30.jar;D:\maven\repository\com\baomidou\mybatis-plus-boot-starter\3.4.3.1\mybatis-plus-boot-starter-3.4.3.1.jar;D:\maven\repository\com\baomidou\mybatis-plus\3.4.3.1\mybatis-plus-3.4.3.1.jar;D:\maven\repository\com\baomidou\mybatis-plus-extension\3.4.3.1\mybatis-plus-extension-3.4.3.1.jar;D:\maven\repository\com\baomidou\mybatis-plus-core\3.4.3.1\mybatis-plus-core-3.4.3.1.jar;D:\maven\repository\com\baomidou\mybatis-plus-annotation\3.4.3.1\mybatis-plus-annotation-3.4.3.1.jar;D:\maven\repository\com\github\jsqlparser\jsqlparser\4.0\jsqlparser-4.0.jar;D:\maven\repository\org\mybatis\mybatis\3.5.7\mybatis-3.5.7.jar;D:\maven\repository\org\mybatis\mybatis-spring\2.0.6\mybatis-spring-2.0.6.jar;D:\maven\repository\org\springframework\boot\spring-boot-starter-jdbc\2.7.1\spring-boot-starter-jdbc-2.7.1.jar;D:\maven\repository\com\zaxxer\HikariCP\4.0.3\HikariCP-4.0.3.jar;D:\maven\repository\org\springframework\spring-jdbc\5.3.21\spring-jdbc-5.3.21.jar;D:\maven\repository\org\springframework\boot\spring-boot-starter-web\2.7.1\spring-boot-starter-web-2.7.1.jar;D:\maven\repository\org\springframework\boot\spring-boot-starter-json\2.7.1\spring-boot-starter-json-2.7.1.jar;D:\maven\repository\com\fasterxml\jackson\datatype\jackson-datatype-jdk8\2.13.3\jackson-datatype-jdk8-2.13.3.jar;D:\maven\repository\com\fasterxml\jackson\datatype\jackson-datatype-jsr310\2.13.3\jackson-datatype-jsr310-2.13.3.jar;D:\maven\repository\com\fasterxml\jackson\module\jackson-module-parameter-names\2.13.3\jackson-module-parameter-names-2.13.3.jar;D:\maven\repository\org\springframework\boot\spring-boot-starter-tomcat\2.7.1\spring-boot-starter-tomcat-2.7.1.jar;D:\maven\repository\org\apache\tomcat\embed\tomcat-embed-core\9.0.64\tomcat-embed-core-9.0.64.jar;D:\maven\repository\org\apache\tomcat\embed\tomcat-embed-el\9.0.64\tomcat-embed-el-9.0.64.jar;D:\maven\repository\org\apache\tomcat\embed\tomcat-embed-websocket\9.0.64\tomcat-embed-websocket-9.0.64.jar;D:\maven\repository\org\springframework\spring-web\5.3.21\spring-web-5.3.21.jar;D:\maven\repository\org\springframework\spring-beans\5.3.21\spring-beans-5.3.21.jar;D:\maven\repository\org\springframework\spring-webmvc\5.3.21\spring-webmvc-5.3.21.jar;D:\maven\repository\org\springframework\spring-aop\5.3.21\spring-aop-5.3.21.jar;D:\maven\repository\org\springframework\spring-expression\5.3.21\spring-expression-5.3.21.jar;D:\maven\repository\org\springframework\boot\spring-boot-starter-data-jpa\2.7.1\spring-boot-starter-data-jpa-2.7.1.jar;D:\maven\repository\org\springframework\boot\spring-boot-starter-aop\2.7.1\spring-boot-starter-aop-2.7.1.jar;D:\maven\repository\org\aspectj\aspectjweaver\1.9.7\aspectjweaver-1.9.7.jar;D:\maven\repository\jakarta\transaction\jakarta.transaction-api\1.3.3\jakarta.transaction-api-1.3.3.jar;D:\maven\repository\jakarta\persistence\jakarta.persistence-api\2.2.3\jakarta.persistence-api-2.2.3.jar;D:\maven\repository\org\hibernate\hibernate-core\5.6.9.Final\hibernate-core-5.6.9.Final.jar;D:\maven\repository\net\bytebuddy\byte-buddy\1.12.11\byte-buddy-1.12.11.jar;D:\maven\repository\antlr\antlr\2.7.7\antlr-2.7.7.jar;D:\maven\repository\org\jboss\jandex\2.4.2.Final\jandex-2.4.2.Final.jar;D:\maven\repository\com\fasterxml\classmate\1.5.1\classmate-1.5.1.jar;D:\maven\repository\org\hibernate\common\hibernate-commons-annotations\5.1.2.Final\hibernate-commons-annotations-5.1.2.Final.jar;D:\maven\repository\org\glassfish\jaxb\jaxb-runtime\2.3.6\jaxb-runtime-2.3.6.jar;D:\maven\repository\org\glassfish\jaxb\txw2\2.3.6\txw2-2.3.6.jar;D:\maven\repository\com\sun\istack\istack-commons-runtime\3.0.12\istack-commons-runtime-3.0.12.jar;D:\maven\repository\com\sun\activation\jakarta.activation\1.2.2\jakarta.activation-1.2.2.jar;D:\maven\repository\org\springframework\data\spring-data-jpa\2.7.1\spring-data-jpa-2.7.1.jar;D:\maven\repository\org\springframework\data\spring-data-commons\2.7.1\spring-data-commons-2.7.1.jar;D:\maven\repository\org\springframework\spring-orm\5.3.21\spring-orm-5.3.21.jar;D:\maven\repository\org\springframework\spring-tx\5.3.21\spring-tx-5.3.21.jar;D:\maven\repository\org\springframework\spring-aspects\5.3.21\spring-aspects-5.3.21.jar;D:\maven\repository\org\postgresql\postgresql\42.3.1\postgresql-42.3.1.jar;D:\maven\repository\org\checkerframework\checker-qual\3.5.0\checker-qual-3.5.0.jar;D:\maven\repository\org\springframework\boot\spring-boot-starter-test\2.7.1\spring-boot-starter-test-2.7.1.jar;D:\maven\repository\org\springframework\boot\spring-boot-test\2.7.1\spring-boot-test-2.7.1.jar;D:\maven\repository\org\springframework\boot\spring-boot-test-autoconfigure\2.7.1\spring-boot-test-autoconfigure-2.7.1.jar;D:\maven\repository\com\jayway\jsonpath\json-path\2.7.0\json-path-2.7.0.jar;D:\maven\repository\net\minidev\json-smart\2.4.8\json-smart-2.4.8.jar;D:\maven\repository\net\minidev\accessors-smart\2.4.8\accessors-smart-2.4.8.jar;D:\maven\repository\org\ow2\asm\asm\9.1\asm-9.1.jar;D:\maven\repository\jakarta\xml\bind\jakarta.xml.bind-api\2.3.3\jakarta.xml.bind-api-2.3.3.jar;D:\maven\repository\jakarta\activation\jakarta.activation-api\1.2.2\jakarta.activation-api-1.2.2.jar;D:\maven\repository\org\assertj\assertj-core\3.22.0\assertj-core-3.22.0.jar;D:\maven\repository\org\hamcrest\hamcrest\2.2\hamcrest-2.2.jar;D:\maven\repository\org\junit\jupiter\junit-jupiter\5.8.2\junit-jupiter-5.8.2.jar;D:\maven\repository\org\junit\jupiter\junit-jupiter-engine\5.8.2\junit-jupiter-engine-5.8.2.jar;D:\maven\repository\org\junit\platform\junit-platform-engine\1.8.2\junit-platform-engine-1.8.2.jar;D:\maven\repository\org\mockito\mockito-core\4.5.1\mockito-core-4.5.1.jar;D:\maven\repository\net\bytebuddy\byte-buddy-agent\1.12.11\byte-buddy-agent-1.12.11.jar;D:\maven\repository\org\objenesis\objenesis\3.2\objenesis-3.2.jar;D:\maven\repository\org\mockito\mockito-junit-jupiter\4.5.1\mockito-junit-jupiter-4.5.1.jar;D:\maven\repository\org\skyscreamer\jsonassert\1.5.0\jsonassert-1.5.0.jar;D:\maven\repository\com\vaadin\external\google\android-json\0.0.20131108.vaadin1\android-json-0.0.20131108.vaadin1.jar;D:\maven\repository\org\springframework\spring-test\5.3.21\spring-test-5.3.21.jar;D:\maven\repository\org\xmlunit\xmlunit-core\2.9.0\xmlunit-core-2.9.0.jar;D:\maven\repository\com\github\dov-vlaanderen\geoserver-manager\1.8.5\geoserver-manager-1.8.5.jar;D:\maven\repository\net\sf\json-lib\json-lib\2.4\json-lib-2.4-jdk15.jar;D:\maven\repository\commons-beanutils\commons-beanutils\1.8.0\commons-beanutils-1.8.0.jar;D:\maven\repository\commons-collections\commons-collections\3.2.1\commons-collections-3.2.1.jar;D:\maven\repository\commons-lang\commons-lang\2.5\commons-lang-2.5.jar;D:\maven\repository\net\sf\ezmorph\ezmorph\1.0.6\ezmorph-1.0.6.jar;D:\maven\repository\org\slf4j\jcl-over-slf4j\1.7.36\jcl-over-slf4j-1.7.36.jar;D:\maven\repository\org\projectlombok\lombok\1.18.24\lombok-1.18.24.jar;D:\maven\repository\com\alibaba\druid\1.2.3\druid-1.2.3.jar;D:\maven\repository\javax\annotation\javax.annotation-api\1.3.2\javax.annotation-api-1.3.2.jar;D:\maven\repository\cn\hutool\hutool-all\5.7.3\hutool-all-5.7.3.jar;D:\maven\repository\junit\junit\4.12\junit-4.12.jar;D:\maven\repository\org\hamcrest\hamcrest-core\2.2\hamcrest-core-2.2.jar;D:\maven\repository\org\apache\poi\poi-ooxml\4.1.2\poi-ooxml-4.1.2.jar;D:\maven\repository\org\apache\poi\poi\4.1.2\poi-4.1.2.jar;D:\maven\repository\org\apache\commons\commons-collections4\4.4\commons-collections4-4.4.jar;D:\maven\repository\org\apache\commons\commons-math3\3.6.1\commons-math3-3.6.1.jar;D:\maven\repository\com\zaxxer\SparseBitSet\1.2\SparseBitSet-1.2.jar;D:\maven\repository\org\apache\poi\poi-ooxml-schemas\4.1.2\poi-ooxml-schemas-4.1.2.jar;D:\maven\repository\org\apache\xmlbeans\xmlbeans\3.1.0\xmlbeans-3.1.0.jar;D:\maven\repository\org\apache\commons\commons-compress\1.19\commons-compress-1.19.jar;D:\maven\repository\com\github\virtuald\curvesapi\1.06\curvesapi-1.06.jar;D:\maven\repository\com\aliyun\oss\aliyun-sdk-oss\3.10.2\aliyun-sdk-oss-3.10.2.jar;D:\maven\repository\org\apache\httpcomponents\httpclient\4.5.13\httpclient-4.5.13.jar;D:\maven\repository\org\apache\httpcomponents\httpcore\4.4.15\httpcore-4.4.15.jar;D:\maven\repository\org\jdom\jdom2\2.0.6.1\jdom2-2.0.6.1.jar;D:\maven\repository\org\codehaus\jettison\jettison\1.1\jettison-1.1.jar;D:\maven\repository\stax\stax-api\1.0.1\stax-api-1.0.1.jar;D:\maven\repository\com\aliyun\aliyun-java-sdk-core\3.4.0\aliyun-java-sdk-core-3.4.0.jar;D:\maven\repository\com\aliyun\aliyun-java-sdk-ram\3.0.0\aliyun-java-sdk-ram-3.0.0.jar;D:\maven\repository\com\aliyun\aliyun-java-sdk-sts\3.0.0\aliyun-java-sdk-sts-3.0.0.jar;D:\maven\repository\com\aliyun\aliyun-java-sdk-ecs\4.2.0\aliyun-java-sdk-ecs-4.2.0.jar;D:\maven\repository\com\aliyun\aliyun-java-sdk-kms\2.7.0\aliyun-java-sdk-kms-2.7.0.jar;D:\maven\repository\com\google\code\gson\gson\2.9.0\gson-2.9.0.jar;D:\maven\repository\com\auth0\java-jwt\3.4.0\java-jwt-3.4.0.jar;D:\maven\repository\com\fasterxml\jackson\core\jackson-databind\2.13.3\jackson-databind-2.13.3.jar;D:\maven\repository\com\fasterxml\jackson\core\jackson-annotations\2.13.3\jackson-annotations-2.13.3.jar;D:\maven\repository\com\fasterxml\jackson\core\jackson-core\2.13.3\jackson-core-2.13.3.jar;D:\maven\repository\org\springframework\boot\spring-boot-starter-websocket\2.7.1\spring-boot-starter-websocket-2.7.1.jar;D:\maven\repository\org\springframework\spring-messaging\5.3.21\spring-messaging-5.3.21.jar;D:\maven\repository\org\springframework\spring-websocket\5.3.21\spring-websocket-5.3.21.jar;D:\maven\repository\com\alipay\sdk\alipay-easysdk\2.2.0\alipay-easysdk-2.2.0.jar;D:\maven\repository\com\alipay\sdk\easysdk-kernel\1.0.8\easysdk-kernel-1.0.8.jar;D:\maven\repository\com\aliyun\tea\1.0.7\tea-1.0.7.jar;D:\maven\repository\com\squareup\okhttp3\okhttp\4.9.3\okhttp-4.9.3.jar;D:\maven\repository\com\squareup\okio\okio\2.8.0\okio-2.8.0.jar;D:\maven\repository\org\jetbrains\kotlin\kotlin-stdlib-common\1.6.21\kotlin-stdlib-common-1.6.21.jar;D:\maven\repository\org\jetbrains\kotlin\kotlin-stdlib\1.6.21\kotlin-stdlib-1.6.21.jar;D:\maven\repository\org\jetbrains\annotations\13.0\annotations-13.0.jar;D:\maven\repository\org\jacoco\org.jacoco.agent\0.8.4\org.jacoco.agent-0.8.4-runtime.jar;D:\maven\repository\com\google\guava\guava\28.1-jre\guava-28.1-jre.jar;D:\maven\repository\com\google\guava\failureaccess\1.0.1\failureaccess-1.0.1.jar;D:\maven\repository\com\google\guava\listenablefuture\9999.0-empty-to-avoid-conflict-with-guava\listenablefuture-9999.0-empty-to-avoid-conflict-with-guava.jar;D:\maven\repository\com\google\code\findbugs\jsr305\3.0.2\jsr305-3.0.2.jar;D:\maven\repository\com\google\errorprone\error_prone_annotations\2.3.2\error_prone_annotations-2.3.2.jar;D:\maven\repository\com\google\j2objc\j2objc-annotations\1.3\j2objc-annotations-1.3.jar;D:\maven\repository\org\codehaus\mojo\animal-sniffer-annotations\1.18\animal-sniffer-annotations-1.18.jar;D:\maven\repository\org\bouncycastle\bcprov-jdk15on\1.64\bcprov-jdk15on-1.64.jar;D:\maven\repository\com\github\xiaoymin\knife4j-spring-boot-starter\2.0.7\knife4j-spring-boot-starter-2.0.7.jar;D:\maven\repository\com\github\xiaoymin\knife4j-spring-boot-autoconfigure\2.0.7\knife4j-spring-boot-autoconfigure-2.0.7.jar;D:\maven\repository\com\github\xiaoymin\knife4j-spring\2.0.7\knife4j-spring-2.0.7.jar;D:\maven\repository\com\github\xiaoymin\knife4j-annotations\2.0.7\knife4j-annotations-2.0.7.jar;D:\maven\repository\com\github\xiaoymin\knife4j-core\2.0.7\knife4j-core-2.0.7.jar;D:\maven\repository\org\javassist\javassist\3.25.0-GA\javassist-3.25.0-GA.jar;D:\maven\repository\io\swagger\swagger-models\1.5.22\swagger-models-1.5.22.jar;D:\maven\repository\io\swagger\swagger-annotations\1.5.22\swagger-annotations-1.5.22.jar;D:\maven\repository\io\springfox\springfox-swagger2\2.10.5\springfox-swagger2-2.10.5.jar;D:\maven\repository\io\springfox\springfox-spi\2.10.5\springfox-spi-2.10.5.jar;D:\maven\repository\io\springfox\springfox-core\2.10.5\springfox-core-2.10.5.jar;D:\maven\repository\io\springfox\springfox-schema\2.10.5\springfox-schema-2.10.5.jar;D:\maven\repository\io\springfox\springfox-swagger-common\2.10.5\springfox-swagger-common-2.10.5.jar;D:\maven\repository\io\springfox\springfox-spring-web\2.10.5\springfox-spring-web-2.10.5.jar;D:\maven\repository\io\github\classgraph\classgraph\4.1.7\classgraph-4.1.7.jar;D:\maven\repository\org\springframework\plugin\spring-plugin-core\2.0.0.RELEASE\spring-plugin-core-2.0.0.RELEASE.jar;D:\maven\repository\org\springframework\plugin\spring-plugin-metadata\2.0.0.RELEASE\spring-plugin-metadata-2.0.0.RELEASE.jar;D:\maven\repository\org\mapstruct\mapstruct\1.3.1.Final\mapstruct-1.3.1.Final.jar;D:\maven\repository\io\springfox\springfox-bean-validators\2.10.5\springfox-bean-validators-2.10.5.jar;D:\maven\repository\io\springfox\springfox-spring-webmvc\2.10.5\springfox-spring-webmvc-2.10.5.jar;D:\maven\repository\com\github\xiaoymin\knife4j-spring-ui\2.0.7\knife4j-spring-ui-2.0.7.jar;D:\maven\repository\org\junit\jupiter\junit-jupiter-api\5.8.2\junit-jupiter-api-5.8.2.jar;D:\maven\repository\org\opentest4j\opentest4j\1.2.0\opentest4j-1.2.0.jar;D:\maven\repository\org\junit\platform\junit-platform-commons\1.8.2\junit-platform-commons-1.8.2.jar;D:\maven\repository\org\apiguardian\apiguardian-api\1.1.2\apiguardian-api-1.1.2.jar;D:\maven\repository\org\junit\jupiter\junit-jupiter-params\5.8.2\junit-jupiter-params-5.8.2.jar;D:\maven\repository\nl\pdok\geoserver-manager\1.7.0-pdok2\geoserver-manager-1.7.0-pdok2.jar;D:\maven\repository\com\github\dov-vlaanderen\geoserver-manager\1.8.5\geoserver-manager-1.8.5-javadoc.jar;D:\maven\repository\org\springframework\boot\spring-boot-configuration-processor\2.7.1\spring-boot-configuration-processor-2.7.1.jar;D:\maven\repository\org\slf4j\slf4j-api\1.7.30\slf4j-api-1.7.30.jar;D:\maven\repository\org\slf4j\slf4j-nop\1.7.30\slf4j-nop-1.7.30.jar;D:\maven\repository\commons-codec\commons-codec\1.11\commons-codec-1.11.jar;D:\maven\repository\commons-io\commons-io\1.4\commons-io-1.4.jar;D:\maven\repository\commons-logging\commons-logging\1.1.1\commons-logging-1.1.1.jar;D:\maven\repository\commons-httpclient\commons-httpclient\3.1\commons-httpclient-3.1.jar;D:\maven\repository\org\jdom\jdom\1.1.3\jdom-1.1.3.jar;D:\maven\repository\net\postgis\postgis-jdbc\2.5.0\postgis-jdbc-2.5.0.jar;D:\maven\repository\net\postgis\postgis-geometry\2.5.0\postgis-geometry-2.5.0.jar;D:\maven\repository\org\hibernate\hibernate-spatial\5.6.9.Final\hibernate-spatial-5.6.9.Final.jar;D:\maven\repository\org\jboss\logging\jboss-logging\3.4.3.Final\jboss-logging-3.4.3.Final.jar;D:\maven\repository\org\geolatte\geolatte-geom\1.6.0\geolatte-geom-1.6.0.jar;D:\maven\repository\org\locationtech\jts\jts-core\1.19.0\jts-core-1.19.0.jar;D:\maven\repository\org\geolatte\geolatte-geojson\1.6.0\geolatte-geojson-1.6.0.jar;D:\maven\repository\com\alibaba\fastjson\1.2.83\fastjson-1.2.83.jar;D:\maven\repository\org\geotools\gt-geojson\25.0\gt-geojson-25.0.jar;D:\maven\repository\org\geotools\gt-main\25.0\gt-main-25.0.jar;D:\maven\repository\org\geotools\gt-referencing\25.0\gt-referencing-25.0.jar;D:\maven\repository\org\ejml\ejml-ddense\0.34\ejml-ddense-0.34.jar;D:\maven\repository\org\ejml\ejml-core\0.34\ejml-core-0.34.jar;D:\maven\repository\commons-pool\commons-pool\1.6\commons-pool-1.6.jar;D:\maven\repository\org\geotools\gt-metadata\25.0\gt-metadata-25.0.jar;D:\maven\repository\org\geotools\gt-opengis\25.0\gt-opengis-25.0.jar;D:\maven\repository\systems\uom\systems-common\2.0.1\systems-common-2.0.1.jar;D:\maven\repository\javax\measure\unit-api\2.0\unit-api-2.0.jar;D:\maven\repository\tech\units\indriya\2.0.2\indriya-2.0.2.jar;D:\maven\repository\tech\uom\lib\uom-lib-common\2.0\uom-lib-common-2.0.jar;D:\maven\repository\javax\inject\javax.inject\1\javax.inject-1.jar;D:\maven\repository\si\uom\si-quantity\2.0.1\si-quantity-2.0.1.jar;D:\maven\repository\si\uom\si-units\2.0.1\si-units-2.0.1.jar;D:\maven\repository\org\geotools\ogc\net.opengis.ows\25.0\net.opengis.ows-25.0.jar;D:\maven\repository\org\geotools\ogc\org.w3.xlink\25.0\org.w3.xlink-25.0.jar;D:\maven\repository\org\eclipse\emf\org.eclipse.emf.common\2.15.0\org.eclipse.emf.common-2.15.0.jar;D:\maven\repository\org\eclipse\emf\org.eclipse.emf.ecore\2.15.0\org.eclipse.emf.ecore-2.15.0.jar;D:\maven\repository\org\eclipse\emf\org.eclipse.emf.ecore.xmi\2.15.0\org.eclipse.emf.ecore.xmi-2.15.0.jar;D:\maven\repository\it\geosolutions\jgridshift\jgridshift-core\1.3\jgridshift-core-1.3.jar;D:\maven\repository\net\sf\geographiclib\GeographicLib-Java\1.49\GeographicLib-Java-1.49.jar;D:\maven\repository\org\geotools\gt-http\25.0\gt-http-25.0.jar;D:\maven\repository\org\apache\commons\commons-text\1.6\commons-text-1.6.jar;D:\maven\repository\com\googlecode\json-simple\json-simple\1.1.1\json-simple-1.1.1.jar;D:\maven\repository\org\apache\commons\commons-lang3\3.12.0\commons-lang3-3.12.0.jar;D:\maven\repository\javax\media\jai_core\1.1.3\jai_core-1.1.3.jar;"/>
    <property name="java.vm.vendor" value="Oracle Corporation"/>
    <property name="sun.arch.data.model" value="64"/>
    <property name="user.variant" value=""/>
    <property name="java.vendor.url" value="http://java.oracle.com/"/>
    <property name="user.timezone" value="Asia/Shanghai"/>
    <property name="java.vm.specification.version" value="11"/>
    <property name="os.name" value="Windows 10"/>
    <property name="sun.java.launcher" value="SUN_STANDARD"/>
    <property name="user.country" value="CN"/>
    <property name="sun.boot.library.path" value="D:\JDK\jdk-11.0.1\bin"/>
    <property name="sun.java.command" value="C:\Users\86136\AppData\Local\Temp\surefire9487248429050856973\surefirebooter12717381649872231396.jar C:\Users\86136\AppData\Local\Temp\surefire9487248429050856973 2022-10-16T17-02-26_224-jvmRun1 surefire6819405266427901276tmp surefire_02941652059034113454tmp"/>
    <property name="jdk.debug" value="release"/>
    <property name="surefire.test.class.path" value="D:\sxy\IJProject\year\target\test-classes;D:\sxy\IJProject\year\target\classes;D:\maven\repository\org\springframework\boot\spring-boot-starter\2.7.1\spring-boot-starter-2.7.1.jar;D:\maven\repository\org\springframework\boot\spring-boot\2.7.1\spring-boot-2.7.1.jar;D:\maven\repository\org\springframework\spring-context\5.3.21\spring-context-5.3.21.jar;D:\maven\repository\org\springframework\boot\spring-boot-autoconfigure\2.7.1\spring-boot-autoconfigure-2.7.1.jar;D:\maven\repository\org\springframework\boot\spring-boot-starter-logging\2.7.1\spring-boot-starter-logging-2.7.1.jar;D:\maven\repository\ch\qos\logback\logback-classic\1.2.11\logback-classic-1.2.11.jar;D:\maven\repository\ch\qos\logback\logback-core\1.2.11\logback-core-1.2.11.jar;D:\maven\repository\org\apache\logging\log4j\log4j-to-slf4j\2.17.2\log4j-to-slf4j-2.17.2.jar;D:\maven\repository\org\apache\logging\log4j\log4j-api\2.17.2\log4j-api-2.17.2.jar;D:\maven\repository\org\slf4j\jul-to-slf4j\1.7.36\jul-to-slf4j-1.7.36.jar;D:\maven\repository\jakarta\annotation\jakarta.annotation-api\1.3.5\jakarta.annotation-api-1.3.5.jar;D:\maven\repository\org\springframework\spring-core\5.3.21\spring-core-5.3.21.jar;D:\maven\repository\org\springframework\spring-jcl\5.3.21\spring-jcl-5.3.21.jar;D:\maven\repository\org\yaml\snakeyaml\1.30\snakeyaml-1.30.jar;D:\maven\repository\com\baomidou\mybatis-plus-boot-starter\3.4.3.1\mybatis-plus-boot-starter-3.4.3.1.jar;D:\maven\repository\com\baomidou\mybatis-plus\3.4.3.1\mybatis-plus-3.4.3.1.jar;D:\maven\repository\com\baomidou\mybatis-plus-extension\3.4.3.1\mybatis-plus-extension-3.4.3.1.jar;D:\maven\repository\com\baomidou\mybatis-plus-core\3.4.3.1\mybatis-plus-core-3.4.3.1.jar;D:\maven\repository\com\baomidou\mybatis-plus-annotation\3.4.3.1\mybatis-plus-annotation-3.4.3.1.jar;D:\maven\repository\com\github\jsqlparser\jsqlparser\4.0\jsqlparser-4.0.jar;D:\maven\repository\org\mybatis\mybatis\3.5.7\mybatis-3.5.7.jar;D:\maven\repository\org\mybatis\mybatis-spring\2.0.6\mybatis-spring-2.0.6.jar;D:\maven\repository\org\springframework\boot\spring-boot-starter-jdbc\2.7.1\spring-boot-starter-jdbc-2.7.1.jar;D:\maven\repository\com\zaxxer\HikariCP\4.0.3\HikariCP-4.0.3.jar;D:\maven\repository\org\springframework\spring-jdbc\5.3.21\spring-jdbc-5.3.21.jar;D:\maven\repository\org\springframework\boot\spring-boot-starter-web\2.7.1\spring-boot-starter-web-2.7.1.jar;D:\maven\repository\org\springframework\boot\spring-boot-starter-json\2.7.1\spring-boot-starter-json-2.7.1.jar;D:\maven\repository\com\fasterxml\jackson\datatype\jackson-datatype-jdk8\2.13.3\jackson-datatype-jdk8-2.13.3.jar;D:\maven\repository\com\fasterxml\jackson\datatype\jackson-datatype-jsr310\2.13.3\jackson-datatype-jsr310-2.13.3.jar;D:\maven\repository\com\fasterxml\jackson\module\jackson-module-parameter-names\2.13.3\jackson-module-parameter-names-2.13.3.jar;D:\maven\repository\org\springframework\boot\spring-boot-starter-tomcat\2.7.1\spring-boot-starter-tomcat-2.7.1.jar;D:\maven\repository\org\apache\tomcat\embed\tomcat-embed-core\9.0.64\tomcat-embed-core-9.0.64.jar;D:\maven\repository\org\apache\tomcat\embed\tomcat-embed-el\9.0.64\tomcat-embed-el-9.0.64.jar;D:\maven\repository\org\apache\tomcat\embed\tomcat-embed-websocket\9.0.64\tomcat-embed-websocket-9.0.64.jar;D:\maven\repository\org\springframework\spring-web\5.3.21\spring-web-5.3.21.jar;D:\maven\repository\org\springframework\spring-beans\5.3.21\spring-beans-5.3.21.jar;D:\maven\repository\org\springframework\spring-webmvc\5.3.21\spring-webmvc-5.3.21.jar;D:\maven\repository\org\springframework\spring-aop\5.3.21\spring-aop-5.3.21.jar;D:\maven\repository\org\springframework\spring-expression\5.3.21\spring-expression-5.3.21.jar;D:\maven\repository\org\springframework\boot\spring-boot-starter-data-jpa\2.7.1\spring-boot-starter-data-jpa-2.7.1.jar;D:\maven\repository\org\springframework\boot\spring-boot-starter-aop\2.7.1\spring-boot-starter-aop-2.7.1.jar;D:\maven\repository\org\aspectj\aspectjweaver\1.9.7\aspectjweaver-1.9.7.jar;D:\maven\repository\jakarta\transaction\jakarta.transaction-api\1.3.3\jakarta.transaction-api-1.3.3.jar;D:\maven\repository\jakarta\persistence\jakarta.persistence-api\2.2.3\jakarta.persistence-api-2.2.3.jar;D:\maven\repository\org\hibernate\hibernate-core\5.6.9.Final\hibernate-core-5.6.9.Final.jar;D:\maven\repository\net\bytebuddy\byte-buddy\1.12.11\byte-buddy-1.12.11.jar;D:\maven\repository\antlr\antlr\2.7.7\antlr-2.7.7.jar;D:\maven\repository\org\jboss\jandex\2.4.2.Final\jandex-2.4.2.Final.jar;D:\maven\repository\com\fasterxml\classmate\1.5.1\classmate-1.5.1.jar;D:\maven\repository\org\hibernate\common\hibernate-commons-annotations\5.1.2.Final\hibernate-commons-annotations-5.1.2.Final.jar;D:\maven\repository\org\glassfish\jaxb\jaxb-runtime\2.3.6\jaxb-runtime-2.3.6.jar;D:\maven\repository\org\glassfish\jaxb\txw2\2.3.6\txw2-2.3.6.jar;D:\maven\repository\com\sun\istack\istack-commons-runtime\3.0.12\istack-commons-runtime-3.0.12.jar;D:\maven\repository\com\sun\activation\jakarta.activation\1.2.2\jakarta.activation-1.2.2.jar;D:\maven\repository\org\springframework\data\spring-data-jpa\2.7.1\spring-data-jpa-2.7.1.jar;D:\maven\repository\org\springframework\data\spring-data-commons\2.7.1\spring-data-commons-2.7.1.jar;D:\maven\repository\org\springframework\spring-orm\5.3.21\spring-orm-5.3.21.jar;D:\maven\repository\org\springframework\spring-tx\5.3.21\spring-tx-5.3.21.jar;D:\maven\repository\org\springframework\spring-aspects\5.3.21\spring-aspects-5.3.21.jar;D:\maven\repository\org\postgresql\postgresql\42.3.1\postgresql-42.3.1.jar;D:\maven\repository\org\checkerframework\checker-qual\3.5.0\checker-qual-3.5.0.jar;D:\maven\repository\org\springframework\boot\spring-boot-starter-test\2.7.1\spring-boot-starter-test-2.7.1.jar;D:\maven\repository\org\springframework\boot\spring-boot-test\2.7.1\spring-boot-test-2.7.1.jar;D:\maven\repository\org\springframework\boot\spring-boot-test-autoconfigure\2.7.1\spring-boot-test-autoconfigure-2.7.1.jar;D:\maven\repository\com\jayway\jsonpath\json-path\2.7.0\json-path-2.7.0.jar;D:\maven\repository\net\minidev\json-smart\2.4.8\json-smart-2.4.8.jar;D:\maven\repository\net\minidev\accessors-smart\2.4.8\accessors-smart-2.4.8.jar;D:\maven\repository\org\ow2\asm\asm\9.1\asm-9.1.jar;D:\maven\repository\jakarta\xml\bind\jakarta.xml.bind-api\2.3.3\jakarta.xml.bind-api-2.3.3.jar;D:\maven\repository\jakarta\activation\jakarta.activation-api\1.2.2\jakarta.activation-api-1.2.2.jar;D:\maven\repository\org\assertj\assertj-core\3.22.0\assertj-core-3.22.0.jar;D:\maven\repository\org\hamcrest\hamcrest\2.2\hamcrest-2.2.jar;D:\maven\repository\org\junit\jupiter\junit-jupiter\5.8.2\junit-jupiter-5.8.2.jar;D:\maven\repository\org\junit\jupiter\junit-jupiter-engine\5.8.2\junit-jupiter-engine-5.8.2.jar;D:\maven\repository\org\junit\platform\junit-platform-engine\1.8.2\junit-platform-engine-1.8.2.jar;D:\maven\repository\org\mockito\mockito-core\4.5.1\mockito-core-4.5.1.jar;D:\maven\repository\net\bytebuddy\byte-buddy-agent\1.12.11\byte-buddy-agent-1.12.11.jar;D:\maven\repository\org\objenesis\objenesis\3.2\objenesis-3.2.jar;D:\maven\repository\org\mockito\mockito-junit-jupiter\4.5.1\mockito-junit-jupiter-4.5.1.jar;D:\maven\repository\org\skyscreamer\jsonassert\1.5.0\jsonassert-1.5.0.jar;D:\maven\repository\com\vaadin\external\google\android-json\0.0.20131108.vaadin1\android-json-0.0.20131108.vaadin1.jar;D:\maven\repository\org\springframework\spring-test\5.3.21\spring-test-5.3.21.jar;D:\maven\repository\org\xmlunit\xmlunit-core\2.9.0\xmlunit-core-2.9.0.jar;D:\maven\repository\com\github\dov-vlaanderen\geoserver-manager\1.8.5\geoserver-manager-1.8.5.jar;D:\maven\repository\net\sf\json-lib\json-lib\2.4\json-lib-2.4-jdk15.jar;D:\maven\repository\commons-beanutils\commons-beanutils\1.8.0\commons-beanutils-1.8.0.jar;D:\maven\repository\commons-collections\commons-collections\3.2.1\commons-collections-3.2.1.jar;D:\maven\repository\commons-lang\commons-lang\2.5\commons-lang-2.5.jar;D:\maven\repository\net\sf\ezmorph\ezmorph\1.0.6\ezmorph-1.0.6.jar;D:\maven\repository\org\slf4j\jcl-over-slf4j\1.7.36\jcl-over-slf4j-1.7.36.jar;D:\maven\repository\org\projectlombok\lombok\1.18.24\lombok-1.18.24.jar;D:\maven\repository\com\alibaba\druid\1.2.3\druid-1.2.3.jar;D:\maven\repository\javax\annotation\javax.annotation-api\1.3.2\javax.annotation-api-1.3.2.jar;D:\maven\repository\cn\hutool\hutool-all\5.7.3\hutool-all-5.7.3.jar;D:\maven\repository\junit\junit\4.12\junit-4.12.jar;D:\maven\repository\org\hamcrest\hamcrest-core\2.2\hamcrest-core-2.2.jar;D:\maven\repository\org\apache\poi\poi-ooxml\4.1.2\poi-ooxml-4.1.2.jar;D:\maven\repository\org\apache\poi\poi\4.1.2\poi-4.1.2.jar;D:\maven\repository\org\apache\commons\commons-collections4\4.4\commons-collections4-4.4.jar;D:\maven\repository\org\apache\commons\commons-math3\3.6.1\commons-math3-3.6.1.jar;D:\maven\repository\com\zaxxer\SparseBitSet\1.2\SparseBitSet-1.2.jar;D:\maven\repository\org\apache\poi\poi-ooxml-schemas\4.1.2\poi-ooxml-schemas-4.1.2.jar;D:\maven\repository\org\apache\xmlbeans\xmlbeans\3.1.0\xmlbeans-3.1.0.jar;D:\maven\repository\org\apache\commons\commons-compress\1.19\commons-compress-1.19.jar;D:\maven\repository\com\github\virtuald\curvesapi\1.06\curvesapi-1.06.jar;D:\maven\repository\com\aliyun\oss\aliyun-sdk-oss\3.10.2\aliyun-sdk-oss-3.10.2.jar;D:\maven\repository\org\apache\httpcomponents\httpclient\4.5.13\httpclient-4.5.13.jar;D:\maven\repository\org\apache\httpcomponents\httpcore\4.4.15\httpcore-4.4.15.jar;D:\maven\repository\org\jdom\jdom2\2.0.6.1\jdom2-2.0.6.1.jar;D:\maven\repository\org\codehaus\jettison\jettison\1.1\jettison-1.1.jar;D:\maven\repository\stax\stax-api\1.0.1\stax-api-1.0.1.jar;D:\maven\repository\com\aliyun\aliyun-java-sdk-core\3.4.0\aliyun-java-sdk-core-3.4.0.jar;D:\maven\repository\com\aliyun\aliyun-java-sdk-ram\3.0.0\aliyun-java-sdk-ram-3.0.0.jar;D:\maven\repository\com\aliyun\aliyun-java-sdk-sts\3.0.0\aliyun-java-sdk-sts-3.0.0.jar;D:\maven\repository\com\aliyun\aliyun-java-sdk-ecs\4.2.0\aliyun-java-sdk-ecs-4.2.0.jar;D:\maven\repository\com\aliyun\aliyun-java-sdk-kms\2.7.0\aliyun-java-sdk-kms-2.7.0.jar;D:\maven\repository\com\google\code\gson\gson\2.9.0\gson-2.9.0.jar;D:\maven\repository\com\auth0\java-jwt\3.4.0\java-jwt-3.4.0.jar;D:\maven\repository\com\fasterxml\jackson\core\jackson-databind\2.13.3\jackson-databind-2.13.3.jar;D:\maven\repository\com\fasterxml\jackson\core\jackson-annotations\2.13.3\jackson-annotations-2.13.3.jar;D:\maven\repository\com\fasterxml\jackson\core\jackson-core\2.13.3\jackson-core-2.13.3.jar;D:\maven\repository\org\springframework\boot\spring-boot-starter-websocket\2.7.1\spring-boot-starter-websocket-2.7.1.jar;D:\maven\repository\org\springframework\spring-messaging\5.3.21\spring-messaging-5.3.21.jar;D:\maven\repository\org\springframework\spring-websocket\5.3.21\spring-websocket-5.3.21.jar;D:\maven\repository\com\alipay\sdk\alipay-easysdk\2.2.0\alipay-easysdk-2.2.0.jar;D:\maven\repository\com\alipay\sdk\easysdk-kernel\1.0.8\easysdk-kernel-1.0.8.jar;D:\maven\repository\com\aliyun\tea\1.0.7\tea-1.0.7.jar;D:\maven\repository\com\squareup\okhttp3\okhttp\4.9.3\okhttp-4.9.3.jar;D:\maven\repository\com\squareup\okio\okio\2.8.0\okio-2.8.0.jar;D:\maven\repository\org\jetbrains\kotlin\kotlin-stdlib-common\1.6.21\kotlin-stdlib-common-1.6.21.jar;D:\maven\repository\org\jetbrains\kotlin\kotlin-stdlib\1.6.21\kotlin-stdlib-1.6.21.jar;D:\maven\repository\org\jetbrains\annotations\13.0\annotations-13.0.jar;D:\maven\repository\org\jacoco\org.jacoco.agent\0.8.4\org.jacoco.agent-0.8.4-runtime.jar;D:\maven\repository\com\google\guava\guava\28.1-jre\guava-28.1-jre.jar;D:\maven\repository\com\google\guava\failureaccess\1.0.1\failureaccess-1.0.1.jar;D:\maven\repository\com\google\guava\listenablefuture\9999.0-empty-to-avoid-conflict-with-guava\listenablefuture-9999.0-empty-to-avoid-conflict-with-guava.jar;D:\maven\repository\com\google\code\findbugs\jsr305\3.0.2\jsr305-3.0.2.jar;D:\maven\repository\com\google\errorprone\error_prone_annotations\2.3.2\error_prone_annotations-2.3.2.jar;D:\maven\repository\com\google\j2objc\j2objc-annotations\1.3\j2objc-annotations-1.3.jar;D:\maven\repository\org\codehaus\mojo\animal-sniffer-annotations\1.18\animal-sniffer-annotations-1.18.jar;D:\maven\repository\org\bouncycastle\bcprov-jdk15on\1.64\bcprov-jdk15on-1.64.jar;D:\maven\repository\com\github\xiaoymin\knife4j-spring-boot-starter\2.0.7\knife4j-spring-boot-starter-2.0.7.jar;D:\maven\repository\com\github\xiaoymin\knife4j-spring-boot-autoconfigure\2.0.7\knife4j-spring-boot-autoconfigure-2.0.7.jar;D:\maven\repository\com\github\xiaoymin\knife4j-spring\2.0.7\knife4j-spring-2.0.7.jar;D:\maven\repository\com\github\xiaoymin\knife4j-annotations\2.0.7\knife4j-annotations-2.0.7.jar;D:\maven\repository\com\github\xiaoymin\knife4j-core\2.0.7\knife4j-core-2.0.7.jar;D:\maven\repository\org\javassist\javassist\3.25.0-GA\javassist-3.25.0-GA.jar;D:\maven\repository\io\swagger\swagger-models\1.5.22\swagger-models-1.5.22.jar;D:\maven\repository\io\swagger\swagger-annotations\1.5.22\swagger-annotations-1.5.22.jar;D:\maven\repository\io\springfox\springfox-swagger2\2.10.5\springfox-swagger2-2.10.5.jar;D:\maven\repository\io\springfox\springfox-spi\2.10.5\springfox-spi-2.10.5.jar;D:\maven\repository\io\springfox\springfox-core\2.10.5\springfox-core-2.10.5.jar;D:\maven\repository\io\springfox\springfox-schema\2.10.5\springfox-schema-2.10.5.jar;D:\maven\repository\io\springfox\springfox-swagger-common\2.10.5\springfox-swagger-common-2.10.5.jar;D:\maven\repository\io\springfox\springfox-spring-web\2.10.5\springfox-spring-web-2.10.5.jar;D:\maven\repository\io\github\classgraph\classgraph\4.1.7\classgraph-4.1.7.jar;D:\maven\repository\org\springframework\plugin\spring-plugin-core\2.0.0.RELEASE\spring-plugin-core-2.0.0.RELEASE.jar;D:\maven\repository\org\springframework\plugin\spring-plugin-metadata\2.0.0.RELEASE\spring-plugin-metadata-2.0.0.RELEASE.jar;D:\maven\repository\org\mapstruct\mapstruct\1.3.1.Final\mapstruct-1.3.1.Final.jar;D:\maven\repository\io\springfox\springfox-bean-validators\2.10.5\springfox-bean-validators-2.10.5.jar;D:\maven\repository\io\springfox\springfox-spring-webmvc\2.10.5\springfox-spring-webmvc-2.10.5.jar;D:\maven\repository\com\github\xiaoymin\knife4j-spring-ui\2.0.7\knife4j-spring-ui-2.0.7.jar;D:\maven\repository\org\junit\jupiter\junit-jupiter-api\5.8.2\junit-jupiter-api-5.8.2.jar;D:\maven\repository\org\opentest4j\opentest4j\1.2.0\opentest4j-1.2.0.jar;D:\maven\repository\org\junit\platform\junit-platform-commons\1.8.2\junit-platform-commons-1.8.2.jar;D:\maven\repository\org\apiguardian\apiguardian-api\1.1.2\apiguardian-api-1.1.2.jar;D:\maven\repository\org\junit\jupiter\junit-jupiter-params\5.8.2\junit-jupiter-params-5.8.2.jar;D:\maven\repository\nl\pdok\geoserver-manager\1.7.0-pdok2\geoserver-manager-1.7.0-pdok2.jar;D:\maven\repository\com\github\dov-vlaanderen\geoserver-manager\1.8.5\geoserver-manager-1.8.5-javadoc.jar;D:\maven\repository\org\springframework\boot\spring-boot-configuration-processor\2.7.1\spring-boot-configuration-processor-2.7.1.jar;D:\maven\repository\org\slf4j\slf4j-api\1.7.30\slf4j-api-1.7.30.jar;D:\maven\repository\org\slf4j\slf4j-nop\1.7.30\slf4j-nop-1.7.30.jar;D:\maven\repository\commons-codec\commons-codec\1.11\commons-codec-1.11.jar;D:\maven\repository\commons-io\commons-io\1.4\commons-io-1.4.jar;D:\maven\repository\commons-logging\commons-logging\1.1.1\commons-logging-1.1.1.jar;D:\maven\repository\commons-httpclient\commons-httpclient\3.1\commons-httpclient-3.1.jar;D:\maven\repository\org\jdom\jdom\1.1.3\jdom-1.1.3.jar;D:\maven\repository\net\postgis\postgis-jdbc\2.5.0\postgis-jdbc-2.5.0.jar;D:\maven\repository\net\postgis\postgis-geometry\2.5.0\postgis-geometry-2.5.0.jar;D:\maven\repository\org\hibernate\hibernate-spatial\5.6.9.Final\hibernate-spatial-5.6.9.Final.jar;D:\maven\repository\org\jboss\logging\jboss-logging\3.4.3.Final\jboss-logging-3.4.3.Final.jar;D:\maven\repository\org\geolatte\geolatte-geom\1.6.0\geolatte-geom-1.6.0.jar;D:\maven\repository\org\locationtech\jts\jts-core\1.19.0\jts-core-1.19.0.jar;D:\maven\repository\org\geolatte\geolatte-geojson\1.6.0\geolatte-geojson-1.6.0.jar;D:\maven\repository\com\alibaba\fastjson\1.2.83\fastjson-1.2.83.jar;D:\maven\repository\org\geotools\gt-geojson\25.0\gt-geojson-25.0.jar;D:\maven\repository\org\geotools\gt-main\25.0\gt-main-25.0.jar;D:\maven\repository\org\geotools\gt-referencing\25.0\gt-referencing-25.0.jar;D:\maven\repository\org\ejml\ejml-ddense\0.34\ejml-ddense-0.34.jar;D:\maven\repository\org\ejml\ejml-core\0.34\ejml-core-0.34.jar;D:\maven\repository\commons-pool\commons-pool\1.6\commons-pool-1.6.jar;D:\maven\repository\org\geotools\gt-metadata\25.0\gt-metadata-25.0.jar;D:\maven\repository\org\geotools\gt-opengis\25.0\gt-opengis-25.0.jar;D:\maven\repository\systems\uom\systems-common\2.0.1\systems-common-2.0.1.jar;D:\maven\repository\javax\measure\unit-api\2.0\unit-api-2.0.jar;D:\maven\repository\tech\units\indriya\2.0.2\indriya-2.0.2.jar;D:\maven\repository\tech\uom\lib\uom-lib-common\2.0\uom-lib-common-2.0.jar;D:\maven\repository\javax\inject\javax.inject\1\javax.inject-1.jar;D:\maven\repository\si\uom\si-quantity\2.0.1\si-quantity-2.0.1.jar;D:\maven\repository\si\uom\si-units\2.0.1\si-units-2.0.1.jar;D:\maven\repository\org\geotools\ogc\net.opengis.ows\25.0\net.opengis.ows-25.0.jar;D:\maven\repository\org\geotools\ogc\org.w3.xlink\25.0\org.w3.xlink-25.0.jar;D:\maven\repository\org\eclipse\emf\org.eclipse.emf.common\2.15.0\org.eclipse.emf.common-2.15.0.jar;D:\maven\repository\org\eclipse\emf\org.eclipse.emf.ecore\2.15.0\org.eclipse.emf.ecore-2.15.0.jar;D:\maven\repository\org\eclipse\emf\org.eclipse.emf.ecore.xmi\2.15.0\org.eclipse.emf.ecore.xmi-2.15.0.jar;D:\maven\repository\it\geosolutions\jgridshift\jgridshift-core\1.3\jgridshift-core-1.3.jar;D:\maven\repository\net\sf\geographiclib\GeographicLib-Java\1.49\GeographicLib-Java-1.49.jar;D:\maven\repository\org\geotools\gt-http\25.0\gt-http-25.0.jar;D:\maven\repository\org\apache\commons\commons-text\1.6\commons-text-1.6.jar;D:\maven\repository\com\googlecode\json-simple\json-simple\1.1.1\json-simple-1.1.1.jar;D:\maven\repository\org\apache\commons\commons-lang3\3.12.0\commons-lang3-3.12.0.jar;D:\maven\repository\javax\media\jai_core\1.1.3\jai_core-1.1.3.jar;"/>
    <property name="sun.cpu.endian" value="little"/>
    <property name="user.home" value="C:\Users\86136"/>
    <property name="user.language" value="zh"/>
    <property name="java.specification.vendor" value="Oracle Corporation"/>
    <property name="java.version.date" value="2018-10-16"/>
    <property name="java.home" value="D:\JDK\jdk-11.0.1"/>
    <property name="file.separator" value="\"/>
    <property name="basedir" value="D:\sxy\IJProject\year"/>
    <property name="java.vm.compressedOopsMode" value="Zero based"/>
    <property name="line.separator" value="&#10;"/>
    <property name="java.specification.name" value="Java Platform API Specification"/>
    <property name="java.vm.specification.vendor" value="Oracle Corporation"/>
    <property name="java.awt.graphicsenv" value="sun.awt.Win32GraphicsEnvironment"/>
    <property name="surefire.real.class.path" value="C:\Users\86136\AppData\Local\Temp\surefire9487248429050856973\surefirebooter12717381649872231396.jar"/>
    <property name="user.script" value=""/>
    <property name="sun.management.compiler" value="HotSpot 64-Bit Tiered Compilers"/>
    <property name="java.runtime.version" value="11.0.1+13-LTS"/>
    <property name="user.name" value="石新宇"/>
    <property name="path.separator" value=";"/>
    <property name="os.version" value="10.0"/>
    <property name="java.runtime.name" value="Java(TM) SE Runtime Environment"/>
    <property name="file.encoding" value="GBK"/>
    <property name="java.vm.name" value="Java HotSpot(TM) 64-Bit Server VM"/>
    <property name="java.vendor.version" value="18.9"/>
    <property name="localRepository" value="D:\maven\repository"/>
    <property name="java.vendor.url.bug" value="http://bugreport.java.com/bugreport/"/>
    <property name="java.io.tmpdir" value="C:\Users\86136\AppData\Local\Temp\"/>
    <property name="idea.version" value="2021.1"/>
    <property name="java.version" value="11.0.1"/>
    <property name="user.dir" value="D:\sxy\IJProject\year"/>
    <property name="os.arch" value="amd64"/>
    <property name="java.vm.specification.name" value="Java Virtual Machine Specification"/>
    <property name="java.awt.printerjob" value="sun.awt.windows.WPrinterJob"/>
    <property name="sun.os.patch.level" value=""/>
    <property name="java.library.path" value="D:\JDK\jdk-11.0.1\bin;C:\WINDOWS\Sun\Java\bin;C:\WINDOWS\system32;C:\WINDOWS;C:\Windows\system32；;:\Windows；;:\Windows\System32\Wbem；;:\Windows\System32\WindowsPowerShell\v1.0\;&quot;C:\Program Files\Java\jdk1.8.0_202\bin;&quot;;C:\Program Files\Java\jdk1.8.0_202;D:\python\venv\Scripts;C:\Windows\system32;C:\Windows;C:\Windows\system32\wbem;C:\Program Files\NVIDIA Corporation\NVIDIA NvDLISR;C:\WINDOWS\system32;C:\WINDOWS;C:\WINDOWS\System32\Wbem;C:\WINDOWS\System32\WindowsPowerShell\v1.0\;C:\WINDOWS\System32\OpenSSH\;%MAVEN_HOME%\bin;C:\Program Files\Git\cmd;C:\Program Files\Microsoft\Web Platform Installer\;C:\Program Files (x86)\Microsoft ASP.NET\ASP.NET Web Pages\v1.0\;C:\Program Files (x86)\Windows Kits\8.0\Windows Performance Toolkit\;C:\Program Files\Microsoft SQL Server\110\Tools\Binn\;D:\tomcat\apache-tomcat-9.0.56\bin;D:\tomcat\apache-tomcat-9.0.56\lib;C:\Program Files\nodejs\;C:\ProgramData\chocolatey\bin;D:\JDK\jdk-11.0.1\bin;D:\SDK\platform-tools;C:\Users\86136\AppData\Local\Programs\Python\Python37\Scripts\;C:\Users\86136\AppData\Local\Programs\Python\Python37\;C:\Users\86136\AppData\Local\Programs\Python\Python310\Scripts\;C:\Users\86136\AppData\Local\Programs\Python\Python310\;C:\Program Files (x86)\Java\jdk1.8.0_73\bin;D:\JDK\jdk-11.0.1\jre\bin;C:\WINDOWS\system32;C:\Users\86136\AppData\Local\Programs\Microsoft VS Code\bin;C:\Users\86136\AppData\Local\Microsoft\WindowsApps;&quot;%SYSTEM_PATH%;&quot;;D:\Program Files\JetBrains\IntelliJ IDEA 2021.1\bin;;C:\Users\86136\AppData\Roaming\npm;C:\Windows\System32;?D:\sxy\;;."/>
    <property name="java.vendor" value="Oracle Corporation"/>
    <property name="java.vm.info" value="mixed mode"/>
    <property name="java.vm.version" value="11.0.1+13-LTS"/>
    <property name="sun.io.unicode.encoding" value="UnicodeLittle"/>
    <property name="maven.repo.local" value="D:\maven\repository"/>
    <property name="java.class.version" value="55.0"/>
  </properties>
  <testcase name="test" classname="com.design.year.YearApplicationTests" time="0.284"/>
  <testcase name="test1" classname="com.design.year.YearApplicationTests" time="0.02">
    <error message="nested exception is org.apache.ibatis.exceptions.TooManyResultsException: Expected one result (or null) to be returned by selectOne(), but found: 34" type="org.mybatis.spring.MyBatisSystemException">org.mybatis.spring.MyBatisSystemException: nested exception is org.apache.ibatis.exceptions.TooManyResultsException: Expected one result (or null) to be returned by selectOne(), but found: 34
	at com.design.year.YearApplicationTests.test1(YearApplicationTests.java:46)
Caused by: org.apache.ibatis.exceptions.TooManyResultsException: Expected one result (or null) to be returned by selectOne(), but found: 34
	at com.design.year.YearApplicationTests.test1(YearApplicationTests.java:46)
</error>
  </testcase>
</testsuite>